<?xml version="1.0" encoding="UTF-8"?>
<!-- Generated by org.testng.reporters.JUnitReportReporter -->
<testsuite hostname="LAPTOP-V9OCRHC6" failures="0" tests="1" name="OrangHrm.LoginPage" time="15.579" errors="0" timestamp="2024-03-07T15:29:48 IST" skipped="0">
  <testcase classname="OrangHrm.LoginPage" name="demo" time="15.579"/>
</testsuite> <!-- OrangHrm.LoginPage -->
